Determining if the pthread_create exist failed with the following output:
Change Dir: /home/hunter/catkin_ws/build/CMakeFiles/CMakeTmp

Run Build Command:/usr/bin/make "cmTryCompileExec909499472/fast"
/usr/bin/make -f CMakeFiles/cmTryCompileExec909499472.dir/build.make CMakeFiles/cmTryCompileExec909499472.dir/build
make[1]: Entering directory `/home/hunter/catkin_ws/build/CMakeFiles/CMakeTmp'
/usr/bin/cmake -E cmake_progress_report /home/hunter/catkin_ws/build/CMakeFiles/CMakeTmp/CMakeFiles 1
Building C object CMakeFiles/cmTryCompileExec909499472.dir/CheckSymbolExists.c.o
/usr/bin/cc    -o CMakeFiles/cmTryCompileExec909499472.dir/CheckSymbolExists.c.o   -c /home/hunter/catkin_ws/build/CMakeFiles/CMakeTmp/CheckSymbolExists.c
Linking C executable cmTryCompileExec909499472
/usr/bin/cmake -E cmake_link_script CMakeFiles/cmTryCompileExec909499472.dir/link.txt --verbose=1
/usr/bin/cc       CMakeFiles/cmTryCompileExec909499472.dir/CheckSymbolExists.c.o  -o cmTryCompileExec909499472 -rdynamic 
CMakeFiles/cmTryCompileExec909499472.dir/CheckSymbolExists.c.o: In function `main':
CheckSymbolExists.c:(.text+0x16): undefined reference to `pthread_create'
collect2: error: ld returned 1 exit status
make[1]: Leaving directory `/home/hunter/catkin_ws/build/CMakeFiles/CMakeTmp'
make[1]: *** [cmTryCompileExec909499472] Error 1
make: *** [cmTryCompileExec909499472/fast] Error 2

File /home/hunter/catkin_ws/build/CMakeFiles/CMakeTmp/CheckSymbolExists.c:
/* */
#include <pthread.h>

int main(int argc, char** argv)
{
  (void)argv;
#ifndef pthread_create
  return ((int*)(&pthread_create))[argc];
#else
  (void)argc;
  return 0;
#endif
}

Determining if the function pthread_create exists in the pthreads failed with the following output:
Change Dir: /home/hunter/catkin_ws/build/CMakeFiles/CMakeTmp

Run Build Command:/usr/bin/make "cmTryCompileExec1037587837/fast"
/usr/bin/make -f CMakeFiles/cmTryCompileExec1037587837.dir/build.make CMakeFiles/cmTryCompileExec1037587837.dir/build
make[1]: Entering directory `/home/hunter/catkin_ws/build/CMakeFiles/CMakeTmp'
/usr/bin/cmake -E cmake_progress_report /home/hunter/catkin_ws/build/CMakeFiles/CMakeTmp/CMakeFiles 1
Building C object CMakeFiles/cmTryCompileExec1037587837.dir/CheckFunctionExists.c.o
/usr/bin/cc   -DCHECK_FUNCTION_EXISTS=pthread_create   -o CMakeFiles/cmTryCompileExec1037587837.dir/CheckFunctionExists.c.o   -c /usr/share/cmake-2.8/Modules/CheckFunctionExists.c
Linking C executable cmTryCompileExec1037587837
/usr/bin/cmake -E cmake_link_script CMakeFiles/cmTryCompileExec1037587837.dir/link.txt --verbose=1
/usr/bin/cc   -DCHECK_FUNCTION_EXISTS=pthread_create    CMakeFiles/cmTryCompileExec1037587837.dir/CheckFunctionExists.c.o  -o cmTryCompileExec1037587837 -rdynamic -lpthreads 
/usr/bin/ld: cannot find -lpthreads
collect2: error: ld returned 1 exit status
make[1]: *** [cmTryCompileExec1037587837] Error 1
make[1]: Leaving directory `/home/hunter/catkin_ws/build/CMakeFiles/CMakeTmp'
make: *** [cmTryCompileExec1037587837/fast] Error 2


Determining if the CL_VERSION_2_0 exist failed with the following output:
Change Dir: /home/hunter/catkin_ws/build/CMakeFiles/CMakeTmp

Run Build Command:/usr/bin/make "cmTryCompileExec1326800554/fast"
/usr/bin/make -f CMakeFiles/cmTryCompileExec1326800554.dir/build.make CMakeFiles/cmTryCompileExec1326800554.dir/build
make[1]: Entering directory `/home/hunter/catkin_ws/build/CMakeFiles/CMakeTmp'
/usr/bin/cmake -E cmake_progress_report /home/hunter/catkin_ws/build/CMakeFiles/CMakeTmp/CMakeFiles 1
Building C object CMakeFiles/cmTryCompileExec1326800554.dir/CheckSymbolExists.c.o
/usr/bin/cc    -o CMakeFiles/cmTryCompileExec1326800554.dir/CheckSymbolExists.c.o   -c /home/hunter/catkin_ws/build/CMakeFiles/CMakeTmp/CheckSymbolExists.c
/home/hunter/catkin_ws/build/CMakeFiles/CMakeTmp/CheckSymbolExists.c: In function ‘main’:
/home/hunter/catkin_ws/build/CMakeFiles/CMakeTmp/CheckSymbolExists.c:8:19: error: ‘CL_VERSION_2_0’ undeclared (first use in this function)
   return ((int*)(&CL_VERSION_2_0))[argc];
                   ^
/home/hunter/catkin_ws/build/CMakeFiles/CMakeTmp/CheckSymbolExists.c:8:19: note: each undeclared identifier is reported only once for each function it appears in
make[1]: Leaving directory `/home/hunter/catkin_ws/build/CMakeFiles/CMakeTmp'
make[1]: *** [CMakeFiles/cmTryCompileExec1326800554.dir/CheckSymbolExists.c.o] Error 1
make: *** [cmTryCompileExec1326800554/fast] Error 2

File /home/hunter/catkin_ws/build/CMakeFiles/CMakeTmp/CheckSymbolExists.c:
/* */
#include </usr/include/CL/cl.h>

int main(int argc, char** argv)
{
  (void)argv;
#ifndef CL_VERSION_2_0
  return ((int*)(&CL_VERSION_2_0))[argc];
#else
  (void)argc;
  return 0;
#endif
}

Determining if the include file pgm.h exists failed with the following output:
Change Dir: /home/hunter/catkin_ws/build/CMakeFiles/CMakeTmp

Run Build Command:/usr/bin/make "cmTryCompileExec2588712485/fast"
/usr/bin/make -f CMakeFiles/cmTryCompileExec2588712485.dir/build.make CMakeFiles/cmTryCompileExec2588712485.dir/build
make[1]: Entering directory `/home/hunter/catkin_ws/build/CMakeFiles/CMakeTmp'
/usr/bin/cmake -E cmake_progress_report /home/hunter/catkin_ws/build/CMakeFiles/CMakeTmp/CMakeFiles 1
Building CXX object CMakeFiles/cmTryCompileExec2588712485.dir/CheckIncludeFile.cxx.o
/usr/bin/c++    -Wno-deprecated    -o CMakeFiles/cmTryCompileExec2588712485.dir/CheckIncludeFile.cxx.o -c /home/hunter/catkin_ws/build/CMakeFiles/CMakeTmp/CheckIncludeFile.cxx
/home/hunter/catkin_ws/build/CMakeFiles/CMakeTmp/CheckIncludeFile.cxx:1:17: fatal error: pgm.h: No such file or directory
 #include <pgm.h>
                 ^
compilation terminated.
make[1]: Leaving directory `/home/hunter/catkin_ws/build/CMakeFiles/CMakeTmp'
make[1]: *** [CMakeFiles/cmTryCompileExec2588712485.dir/CheckIncludeFile.cxx.o] Error 1
make: *** [cmTryCompileExec2588712485/fast] Error 2


